<?xml version="1.0" encoding="UTF-8"?>
<testng-results skipped="0" failed="0" ignored="0" total="1" passed="1">
  <reporter-output>
  </reporter-output>
  <suite name="Suite" duration-ms="38621" started-at="2019-04-04T14:15:34Z" finished-at="2019-04-04T14:16:12Z">
    <groups>
    </groups>
    <test name="Test" duration-ms="38621" started-at="2019-04-04T14:15:34Z" finished-at="2019-04-04T14:16:12Z">
      <class name="testRunner.TestRunner">
        <test-method status="PASS" signature="setUpClass()[pri:0, instance:testRunner.TestRunner@59ec2012]" name="setUpClass" is-config="true" duration-ms="254" started-at="2019-04-04T14:15:34Z" finished-at="2019-04-04T14:15:34Z">
          <reporter-output>
          </reporter-output>
        </test-method> <!-- setUpClass -->
        <test-method status="PASS" signature="feature(cucumber.api.testng.PickleEventWrapper, cucumber.api.testng.CucumberFeatureWrapper)[pri:0, instance:testRunner.TestRunner@59ec2012]" name="feature" duration-ms="37919" started-at="2019-04-04T14:15:34Z" data-provider="features" finished-at="2019-04-04T14:16:12Z">
          <params>
            <param index="0">
              <value>
                <![CDATA["Login with a valid username and pass in TR page"]]>
              </value>
            </param>
            <param index="1">
              <value>
                <![CDATA["TR Login"]]>
              </value>
            </param>
          </params>
          <reporter-output>
          </reporter-output>
        </test-method> <!-- feature -->
        <test-method status="PASS" signature="tearDownClass()[pri:0, instance:testRunner.TestRunner@59ec2012]" name="tearDownClass" is-config="true" duration-ms="19" started-at="2019-04-04T14:16:12Z" finished-at="2019-04-04T14:16:12Z">
          <reporter-output>
          </reporter-output>
        </test-method> <!-- tearDownClass -->
      </class> <!-- testRunner.TestRunner -->
    </test> <!-- Test -->
  </suite> <!-- Suite -->
</testng-results>
