<?xml version="1.0" encoding="UTF-8"?>
<testng-results skipped="0" failed="1" ignored="0" total="1" passed="0">
  <reporter-output>
  </reporter-output>
  <suite name="Suite" duration-ms="8852" started-at="2019-04-02T11:53:52Z" finished-at="2019-04-02T11:54:01Z">
    <groups>
    </groups>
    <test name="Test" duration-ms="8852" started-at="2019-04-02T11:53:52Z" finished-at="2019-04-02T11:54:01Z">
      <class name="testRunner.TestRunner">
        <test-method status="PASS" signature="setUpClass()[pri:0, instance:testRunner.TestRunner@49993335]" name="setUpClass" is-config="true" duration-ms="187" started-at="2019-04-02T11:53:52Z" finished-at="2019-04-02T11:53:52Z">
          <reporter-output>
          </reporter-output>
        </test-method> <!-- setUpClass -->
        <test-method status="FAIL" signature="feature(cucumber.api.testng.PickleEventWrapper, cucumber.api.testng.CucumberFeatureWrapper)[pri:0, instance:testRunner.TestRunner@49993335]" name="feature" duration-ms="8543" started-at="2019-04-02T11:53:52Z" data-provider="features" finished-at="2019-04-02T11:54:01Z">
          <params>
            <param index="0">
              <value>
                <![CDATA["Login with a valid username and pass in TR page"]]>
              </value>
            </param>
            <param index="1">
              <value>
                <![CDATA["TR Login"]]>
              </value>
            </param>
          </params>
          <exception class="java.lang.NullPointerException">
            <full-stacktrace>
              <![CDATA[java.lang.NullPointerException
at org.openqa.selenium.support.pagefactory.DefaultElementLocator.findElement(DefaultElementLocator.java:69)
at org.openqa.selenium.support.pagefactory.AjaxElementLocator.access$001(AjaxElementLocator.java:40)
at org.openqa.selenium.support.pagefactory.AjaxElementLocator$SlowLoadingElement.isLoaded(AjaxElementLocator.java:156)
at org.openqa.selenium.support.ui.SlowLoadableComponent.get(SlowLoadableComponent.java:48)
at org.openqa.selenium.support.pagefactory.AjaxElementLocator.findElement(AjaxElementLocator.java:86)
at org.openqa.selenium.support.pagefactory.internal.LocatingElementHandler.invoke(LocatingElementHandler.java:38)
at com.sun.proxy.$Proxy16.click(Unknown Source)
at pageFactory.TRLoginPage.enterUsername(TRLoginPage.java:25)
at stepDefinitions.TRLoginStepDefs.enter_valid_username_password(TRLoginStepDefs.java:34)
at ✽.Enter valid username/password(features/TR_Login.feature:5)
]]>
            </full-stacktrace>
          </exception> <!-- java.lang.NullPointerException -->
          <reporter-output>
          </reporter-output>
        </test-method> <!-- feature -->
        <test-method status="PASS" signature="tearDownClass()[pri:0, instance:testRunner.TestRunner@49993335]" name="tearDownClass" is-config="true" duration-ms="38" started-at="2019-04-02T11:54:01Z" finished-at="2019-04-02T11:54:01Z">
          <reporter-output>
          </reporter-output>
        </test-method> <!-- tearDownClass -->
      </class> <!-- testRunner.TestRunner -->
    </test> <!-- Test -->
  </suite> <!-- Suite -->
</testng-results>
